[    0.000000] Initializing cgroup subsys cpuset
[    0.000000] Initializing cgroup subsys cpu
[    0.000000] Initializing cgroup subsys cpuacct
[    0.000000] Linux version 4.4.0-141-generic (buildd@lcy01-amd64-006) (gcc version 5.4.0 20160609 (Ubuntu 5.4.0-6ubuntu1~16.04.10) ) #167-Ubuntu SMP Wed Dec 5 10:40:15 UTC 2018 (Ubuntu 4.4.0-141.167-generic 4.4.162)
[    0.000000] Command line: BOOT_IMAGE=/boot/vmlinuz-4.4.0-141-generic root=LABEL=cloudimg-rootfs ro console=tty1 console=ttyS0
[    0.000000] KERNEL supported cpus:
[    0.000000]   Intel GenuineIntel
[    0.000000]   AMD AuthenticAMD
[    0.000000]   Centaur CentaurHauls
[    0.000000] x86/fpu: xstate_offset[2]:  576, xstate_sizes[2]:  256
[    0.000000] x86/fpu: Supporting XSAVE feature 0x01: 'x87 floating point registers'
[    0.000000] x86/fpu: Supporting XSAVE feature 0x02: 'SSE registers'
[    0.000000] x86/fpu: Supporting XSAVE feature 0x04: 'AVX registers'
[    0.000000] x86/fpu: Enabled xstate features 0x7, context size is 832 bytes, using 'standard' format.
[    0.000000] e820: BIOS-provided physical RAM map:
[    0.000000] BIOS-e820: [mem 0x0000000000000000-0x000000000009fbff] usable
[    0.000000] BIOS-e820: [mem 0x000000000009fc00-0x000000000009ffff] reserved
[    0.000000] BIOS-e820: [mem 0x00000000000f0000-0x00000000000fffff] reserved
[    0.000000] BIOS-e820: [mem 0x0000000000100000-0x000000007ffeffff] usable
[    0.000000] BIOS-e820: [mem 0x000000007fff0000-0x000000007fffffff] ACPI data
[    0.000000] BIOS-e820: [mem 0x00000000fec00000-0x00000000fec00fff] reserved
[    0.000000] BIOS-e820: [mem 0x00000000fee00000-0x00000000fee00fff] reserved
[    0.000000] BIOS-e820: [mem 0x00000000fffc0000-0x00000000ffffffff] reserved
[    0.000000] NX (Execute Disable) protection: active
[    0.000000] SMBIOS 2.5 present.
[    0.000000] Hypervisor detected: KVM
[    0.000000] e820: last_pfn = 0x7fff0 max_arch_pfn = 0x400000000
[    0.000000] MTRR: Disabled
[    0.000000] x86/PAT: MTRRs disabled, skipping PAT initialization too.
[    0.000000] CPU MTRRs all blank - virtualized system.
[    0.000000] x86/PAT: Configuration [0-7]: WB  WT  UC- UC  WB  WT  UC- UC  
[    0.000000] found SMP MP-table at [mem 0x0009fff0-0x0009ffff] mapped at [ffff88000009fff0]
[    0.000000] Scanning 1 areas for low memory corruption
[    0.000000] RAMDISK: [mem 0x36308000-0x3717bfff]
[    0.000000] ACPI: Early table checksum verification disabled
[    0.000000] ACPI: RSDP 0x00000000000E0000 000024 (v02 VBOX  )
[    0.000000] ACPI: XSDT 0x000000007FFF0030 00003C (v01 VBOX   VBOXXSDT 00000001 ASL  00000061)
[    0.000000] ACPI: FACP 0x000000007FFF00F0 0000F4 (v04 VBOX   VBOXFACP 00000001 ASL  00000061)
[    0.000000] ACPI: DSDT 0x000000007FFF0470 0021FF (v02 VBOX   VBOXBIOS 00000002 INTL 20100528)
[    0.000000] ACPI: FACS 0x000000007FFF0200 000040
[    0.000000] ACPI: FACS 0x000000007FFF0200 000040
[    0.000000] ACPI: APIC 0x000000007FFF0240 000054 (v02 VBOX   VBOXAPIC 00000001 ASL  00000061)
[    0.000000] ACPI: SSDT 0x000000007FFF02A0 0001CC (v01 VBOX   VBOXCPUT 00000002 INTL 20100528)
[    0.000000] No NUMA configuration found
[    0.000000] Faking a node at [mem 0x0000000000000000-0x000000007ffeffff]
[    0.000000] NODE_DATA(0) allocated [mem 0x7ffeb000-0x7ffeffff]
[    0.000000] kvm-clock: Using msrs 4b564d01 and 4b564d00
[    0.000000] kvm-clock: cpu 0, msr 0:7ffe3001, primary cpu clock
[    0.000000] kvm-clock: using sched offset of 3756393984 cycles
[    0.000000] clocksource: kvm-clock: mask: 0xffffffffffffffff max_cycles: 0x1cd42e4dffb, max_idle_ns: 881590591483 ns
[    0.000000] Zone ranges:
[    0.000000]   DMA      [mem 0x0000000000001000-0x0000000000ffffff]
[    0.000000]   DMA32    [mem 0x0000000001000000-0x000000007ffeffff]
[    0.000000]   Normal   empty
[    0.000000]   Device   empty
[    0.000000] Movable zone start for each node
[    0.000000] Early memory node ranges
[    0.000000]   node   0: [mem 0x0000000000001000-0x000000000009efff]
[    0.000000]   node   0: [mem 0x0000000000100000-0x000000007ffeffff]
[    0.000000] Initmem setup node 0 [mem 0x0000000000001000-0x000000007ffeffff]
[    0.000000] ACPI: PM-Timer IO Port: 0x4008
[    0.000000] IOAPIC[0]: apic_id 1, version 32, address 0xfec00000, GSI 0-23
[    0.000000] ACPI: INT_SRC_OVR (bus 0 bus_irq 0 global_irq 2 dfl dfl)
[    0.000000] ACPI: INT_SRC_OVR (bus 0 bus_irq 9 global_irq 9 low level)
[    0.000000] Using ACPI (MADT) for SMP configuration information
[    0.000000] smpboot: Allowing 1 CPUs, 0 hotplug CPUs
[    0.000000] PM: Registered nosave memory: [mem 0x00000000-0x00000fff]
[    0.000000] PM: Registered nosave memory: [mem 0x0009f000-0x0009ffff]
[    0.000000] PM: Registered nosave memory: [mem 0x000a0000-0x000effff]
[    0.000000] PM: Registered nosave memory: [mem 0x000f0000-0x000fffff]
[    0.000000] e820: [mem 0x80000000-0xfebfffff] available for PCI devices
[    0.000000] Booting paravirtualized kernel on KVM
[    0.000000] clocksource: refined-jiffies: mask: 0xffffffff max_cycles: 0xffffffff, max_idle_ns: 7645519600211568 ns
[    0.000000] setup_percpu: NR_CPUS:512 nr_cpumask_bits:512 nr_cpu_ids:1 nr_node_ids:1
[    0.000000] PERCPU: Embedded 34 pages/cpu @ffff88007fc00000 s99608 r8192 d31464 u2097152
[    0.000000] PV qspinlock hash table entries: 256 (order: 0, 4096 bytes)
[    0.000000] Built 1 zonelists in Node order, mobility grouping on.  Total pages: 515960
[    0.000000] Policy zone: DMA32
[    0.000000] Kernel command line: BOOT_IMAGE=/boot/vmlinuz-4.4.0-141-generic root=LABEL=cloudimg-rootfs ro console=tty1 console=ttyS0
[    0.000000] PID hash table entries: 4096 (order: 3, 32768 bytes)
[    0.000000] Memory: 2030032K/2096696K available (8568K kernel code, 1314K rwdata, 4008K rodata, 1528K init, 1316K bss, 66664K reserved, 0K cma-reserved)
[    0.000000] SLUB: HWalign=64, Order=0-3, MinObjects=0, CPUs=1, Nodes=1
[    0.000000] Kernel/User page tables isolation: enabled
[    0.000000] Hierarchical RCU implementation.
[    0.000000] 	Build-time adjustment of leaf fanout to 64.
[    0.000000] 	RCU restricting CPUs from NR_CPUS=512 to nr_cpu_ids=1.
[    0.000000] RCU: Adjusting geometry for rcu_fanout_leaf=64, nr_cpu_ids=1
[    0.000000] NR_IRQS:33024 nr_irqs:256 16
[    0.000000] Console: colour VGA+ 80x25
[    0.000000] console [tty1] enabled
[    0.000000] console [ttyS0] enabled
[    0.000000] tsc: Detected 2494.316 MHz processor
[    0.598952] Calibrating delay loop (skipped) preset value.. 4988.63 BogoMIPS (lpj=9977264)
[    0.609247] pid_max: default: 32768 minimum: 301
[    0.612593] ACPI: Core revision 20150930
[    0.622884] ACPI: 2 ACPI AML tables successfully acquired and loaded
[    0.633307] Security Framework initialized
[    0.635882] Yama: becoming mindful.
[    0.636943] AppArmor: AppArmor initialized
[    0.640340] Dentry cache hash table entries: 262144 (order: 9, 2097152 bytes)
[    0.643218] Inode-cache hash table entries: 131072 (order: 8, 1048576 bytes)
[    0.668680] Mount-cache hash table entries: 4096 (order: 3, 32768 bytes)
[    0.670686] Mountpoint-cache hash table entries: 4096 (order: 3, 32768 bytes)
[    0.680129] Initializing cgroup subsys io
[    0.688123] Initializing cgroup subsys memory
[    0.703038] Initializing cgroup subsys devices
[    0.704325] Initializing cgroup subsys freezer
[    0.713378] Initializing cgroup subsys net_cls
[    0.715286] Initializing cgroup subsys perf_event
[    0.718544] Initializing cgroup subsys net_prio
[    0.730601] Initializing cgroup subsys hugetlb
[    0.732379] Initializing cgroup subsys pids
[    0.734154] mce: CPU supports 0 MCE banks
[    0.735793] process: using mwait in idle threads
[    0.737393] Last level iTLB entries: 4KB 512, 2MB 8, 4MB 8
[    0.739428] Last level dTLB entries: 4KB 512, 2MB 32, 4MB 32, 1GB 0
[    0.741059] Spectre V2 : Mitigation: Full generic retpoline
[    0.742560] Spectre V2 : Spectre v2 mitigation: Speculation control IBPB not-supported IBRS not-supported
[    0.745065] Spectre V2 : Spectre v2 / SpectreRSB mitigation: Filling RSB on context switch
[    0.750674] Speculative Store Bypass: Vulnerable
[    0.802893] Freeing SMP alternatives memory: 32K
[    0.822432] ftrace: allocating 32291 entries in 127 pages
[    0.896357] smpboot: APIC(0) Converting physical 0 to logical package 0
[    0.907189] smpboot: Max logical packages: 1
[    0.920903] x2apic enabled
[    0.940596] Switched APIC routing to physical x2apic.
[    0.952118] ..TIMER: vector=0x30 apic1=0 pin1=2 apic2=-1 pin2=-1
[    1.058437] smpboot: CPU0: Intel(R) Core(TM) i5-3210M CPU @ 2.50GHz (family: 0x6, model: 0x3a, stepping: 0x9)
[    1.067538] Performance Events: unsupported p6 CPU model 58 no PMU driver, software events only.
[    1.076215] KVM setup paravirtual spinlock
[    1.080804] x86: Booted up 1 node, 1 CPUs
[    1.092736] smpboot: Total of 1 processors activated (4988.63 BogoMIPS)
[    1.104601] devtmpfs: initialized
[    1.119991] evm: security.selinux
[    1.140184] evm: security.SMACK64
[    1.141492] evm: security.SMACK64EXEC
[    1.142884] evm: security.SMACK64TRANSMUTE
[    1.145454] evm: security.SMACK64MMAP
[    1.147133] evm: security.ima
[    1.149631] evm: security.capability
[    1.153148] clocksource: jiffies: mask: 0xffffffff max_cycles: 0xffffffff, max_idle_ns: 7645041785100000 ns
[    1.157232] futex hash table entries: 256 (order: 2, 16384 bytes)
[    1.160346] pinctrl core: initialized pinctrl subsystem
[    1.162777] RTC time: 22:42:35, date: 01/23/19
[    1.173108] NET: Registered protocol family 16
[    1.175049] cpuidle: using governor ladder
[    1.176574] cpuidle: using governor menu
[    1.178376] PCCT header not found.
[    1.188879] ACPI: bus type PCI registered
[    1.190894] acpiphp: ACPI Hot Plug PCI Controller Driver version: 0.5
[    1.193244] PCI: Using configuration type 1 for base access
[    1.212742] ACPI: Added _OSI(Module Device)
[    1.214349] ACPI: Added _OSI(Processor Device)
[    1.220887] ACPI: Added _OSI(3.0 _SCP Extensions)
[    1.235157] ACPI: Added _OSI(Processor Aggregator Device)
[    1.237427] ACPI: Executed 1 blocks of module-level executable AML code
[    1.251773] ACPI: Interpreter enabled
[    1.254607] ACPI: (supports S0 S5)
[    1.256192] ACPI: Using IOAPIC for interrupt routing
[    1.258313] PCI: Using host bridge windows from ACPI; if necessary, use "pci=nocrs" and report a bug
[    1.268273] ACPI: PCI Root Bridge [PCI0] (domain 0000 [bus 00-ff])
[    1.290337] acpi PNP0A03:00: _OSC: OS supports [ASPM ClockPM Segments MSI]
[    1.317607] acpi PNP0A03:00: _OSC: not requesting OS control; OS requires [ExtendedConfig ASPM ClockPM MSI]
[    1.343071] acpi PNP0A03:00: fail to add MMCONFIG information, can't access extended PCI configuration space under this bridge.
[    1.368981] PCI host bridge to bus 0000:00
[    1.372752] pci_bus 0000:00: root bus resource [io  0x0000-0x0cf7 window]
[    1.374581] pci_bus 0000:00: root bus resource [io  0x0d00-0xffff window]
[    1.376815] pci_bus 0000:00: root bus resource [mem 0x000a0000-0x000bffff window]
[    1.379188] pci_bus 0000:00: root bus resource [mem 0x80000000-0xfdffffff window]
[    1.393473] pci_bus 0000:00: root bus resource [bus 00-ff]
[    1.405050] pci 0000:00:01.1: legacy IDE quirk: reg 0x10: [io  0x01f0-0x01f7]
[    1.407188] pci 0000:00:01.1: legacy IDE quirk: reg 0x14: [io  0x03f6]
[    1.415600] pci 0000:00:01.1: legacy IDE quirk: reg 0x18: [io  0x0170-0x0177]
[    1.423060] pci 0000:00:01.1: legacy IDE quirk: reg 0x1c: [io  0x0376]
[    1.473031] pci 0000:00:07.0: quirk: [io  0x4000-0x403f] claimed by PIIX4 ACPI
[    1.485102] pci 0000:00:07.0: quirk: [io  0x4100-0x410f] claimed by PIIX4 SMB
[    1.523152] ACPI: PCI Interrupt Link [LNKA] (IRQs 5 9 10 *11)
[    1.534777] ACPI: PCI Interrupt Link [LNKB] (IRQs 5 9 *10 11)
[    1.546072] ACPI: PCI Interrupt Link [LNKC] (IRQs 5 *9 10 11)
[    1.557043] ACPI: PCI Interrupt Link [LNKD] (IRQs 5 9 10 *11)
[    1.567513] ACPI: Enabled 2 GPEs in block 00 to 07
[    1.592530] vgaarb: setting as boot device: PCI:0000:00:02.0
[    1.599594] vgaarb: device added: PCI:0000:00:02.0,decodes=io+mem,owns=io+mem,locks=none
[    1.621020] vgaarb: loaded
[    1.632090] vgaarb: bridge control possible 0000:00:02.0
[    1.634181] SCSI subsystem initialized
[    1.635662] ACPI: bus type USB registered
[    1.639611] usbcore: registered new interface driver usbfs
[    1.650263] usbcore: registered new interface driver hub
[    1.651911] usbcore: registered new device driver usb
[    1.662470] PCI: Using ACPI for IRQ routing
[    1.671495] NetLabel: Initializing
[    1.672619] NetLabel:  domain hash size = 128
[    1.692994] NetLabel:  protocols = UNLABELED CIPSOv4
[    1.700535] NetLabel:  unlabeled traffic allowed by default
[    1.702230] amd_nb: Cannot enumerate AMD northbridges
[    1.703650] clocksource: Switched to clocksource kvm-clock
[    1.714913] AppArmor: AppArmor Filesystem Enabled
[    1.748202] pnp: PnP ACPI init
[    1.754220] pnp: PnP ACPI: found 3 devices
[    1.762445] clocksource: acpi_pm: mask: 0xffffff max_cycles: 0xffffff, max_idle_ns: 2085701024 ns
[    1.765968] NET: Registered protocol family 2
[    1.767958] TCP established hash table entries: 16384 (order: 5, 131072 bytes)
[    1.771045] TCP bind hash table entries: 16384 (order: 6, 262144 bytes)
[    1.788578] TCP: Hash tables configured (established 16384 bind 16384)
[    1.804359] UDP hash table entries: 1024 (order: 3, 32768 bytes)
[    1.806592] UDP-Lite hash table entries: 1024 (order: 3, 32768 bytes)
[    1.808984] NET: Registered protocol family 1
[    1.810448] pci 0000:00:00.0: Limiting direct PCI/PCI transfers
[    1.822767] pci 0000:00:01.0: Activating ISA DMA hang workarounds
[    1.826205] Unpacking initramfs...
[    2.071686] Freeing initrd memory: 14800K
[    2.081495] RAPL PMU detected, API unit is 2^-32 Joules, 3 fixed counters 10737418240 ms ovfl timer
[    2.091756] hw unit of domain pp0-core 2^-0 Joules
[    2.093134] hw unit of domain package 2^-0 Joules
[    2.094418] hw unit of domain pp1-gpu 2^-0 Joules
[    2.095906] platform rtc_cmos: registered platform RTC device (no PNP device found)
[    2.098110] Scanning for low memory corruption every 60 seconds
[    2.111021] audit: initializing netlink subsys (disabled)
[    2.131920] audit: type=2000 audit(1548283361.280:1): initialized
[    2.149190] Initialise system trusted keyring
[    2.150790] HugeTLB registered 2 MB page size, pre-allocated 0 pages
[    2.158408] zbud: loaded
[    2.170228] VFS: Disk quotas dquot_6.6.0
[    2.183121] VFS: Dquot-cache hash table entries: 512 (order 0, 4096 bytes)
[    2.185248] squashfs: version 4.0 (2009/01/31) Phillip Lougher
[    2.198368] fuse init (API version 7.23)
[    2.207233] Key type big_key registered
[    2.216396] Allocating IMA MOK and blacklist keyrings.
[    2.234186] Key type asymmetric registered
[    2.243186] Asymmetric key parser 'x509' registered
[    2.245063] Block layer SCSI generic (bsg) driver version 0.4 loaded (major 249)
[    2.247411] io scheduler noop registered
[    2.248894] io scheduler deadline registered (default)
[    2.250972] io scheduler cfq registered
[    2.252608] pci_hotplug: PCI Hot Plug PCI Core version: 0.5
[    2.268026] pciehp: PCI Express Hot Plug Controller Driver version: 0.4
[    2.277062] ACPI: AC Adapter [AC] (on-line)
[    2.284989] input: Power Button as /devices/LNXSYSTM:00/LNXPWRBN:00/input/input0
[    2.304450] ACPI: Power Button [PWRF]
[    2.309068] input: Sleep Button as /devices/LNXSYSTM:00/LNXSLPBN:00/input/input1
[    2.320550] ACPI: Sleep Button [SLPF]
[    2.325881] ACPI: Battery Slot [BAT0] (battery present)
[    2.330822] GHES: HEST is not enabled!
[    2.337338] Serial: 8250/16550 driver, 32 ports, IRQ sharing enabled
[    2.396475] 00:02: ttyS0 at I/O 0x3f8 (irq = 4, base_baud = 115200) is a 16550A
[    2.400699] Linux agpgart interface v0.103
[    2.413277] loop: module loaded
[    2.414914] scsi host0: ata_piix
[    2.427257] scsi host1: ata_piix
[    2.436411] ata1: PATA max UDMA/33 cmd 0x1f0 ctl 0x3f6 bmdma 0xd000 irq 14
[    2.446392] ata2: PATA max UDMA/33 cmd 0x170 ctl 0x376 bmdma 0xd008 irq 15
[    2.465695] libphy: Fixed MDIO Bus: probed
[    2.467002] tun: Universal TUN/TAP device driver, 1.6
[    2.478756] tun: (C) 1999-2004 Max Krasnyansky <maxk@qualcomm.com>
[    2.481218] PPP generic driver version 2.4.2
[    2.483229] ehci_hcd: USB 2.0 'Enhanced' Host Controller (EHCI) Driver
[    2.485623] ehci-pci: EHCI PCI platform driver
[    2.492995] ehci-platform: EHCI generic platform driver
[    2.503115] ohci_hcd: USB 1.1 'Open' Host Controller (OHCI) Driver
[    2.510810] ohci-pci: OHCI PCI platform driver
[    2.513280] ohci-platform: OHCI generic platform driver
[    2.515679] uhci_hcd: USB Universal Host Controller Interface driver
[    2.517573] i8042: PNP: PS/2 Controller [PNP0303:PS2K,PNP0f03:PS2M] at 0x60,0x64 irq 1,12
[    2.527384] serio: i8042 KBD port at 0x60,0x64 irq 1
[    2.534417] serio: i8042 AUX port at 0x60,0x64 irq 12
[    2.548950] mousedev: PS/2 mouse device common for all mice
[    2.563364] input: AT Translated Set 2 keyboard as /devices/platform/i8042/serio0/input/input2
[    2.566374] rtc_cmos rtc_cmos: rtc core: registered rtc_cmos as rtc0
[    2.573754] rtc_cmos rtc_cmos: alarms up to one day, 114 bytes nvram
[    2.593394] i2c /dev entries driver
[    2.602641] device-mapper: uevent: version 1.0.3
[    2.613888] device-mapper: ioctl: 4.34.0-ioctl (2015-10-28) initialised: dm-devel@redhat.com
[    2.618585] ledtrig-cpu: registered to indicate activity on CPUs
[    2.631498] NET: Registered protocol family 10
[    2.643286] NET: Registered protocol family 17
[    2.663466] Key type dns_resolver registered
[    2.665444] registered taskstats version 1
[    2.668886] Loading compiled-in X.509 certificates
[    2.671315] Loaded X.509 cert 'Build time autogenerated kernel key: 7c9fb337b82e5a343493fe891c556beae1895c7c'
[    2.683802] zswap: loaded using pool lzo/zbud
[    2.687310] Key type trusted registered
[    2.691656] Key type encrypted registered
[    2.700283] AppArmor: AppArmor sha1 policy hashing enabled
[    2.736708] ima: No TPM chip found, activating TPM-bypass!
[    2.746709] ima: Allocated hash algorithm: sha1
[    2.763421] evm: HMAC attrs: 0x1
[    2.765190]   Magic number: 3:716:755
[    2.766667] tty ttyS6: hash matches
[    2.767965] rtc_cmos rtc_cmos: setting system clock to 2019-01-23 22:42:37 UTC (1548283357)
[    2.770746] BIOS EDD facility v0.16 2004-Jun-25, 0 devices found
[    2.772535] EDD information not available.
[    2.775610] Freeing unused kernel memory: 1528K
[    2.792260] Write protecting the kernel read-only data: 14336k
[    2.801304] Freeing unused kernel memory: 1660K
[    2.816798] Freeing unused kernel memory: 88K
Loading, please wait...
starting version[    2.858044] random: udevadm: uninitialized urandom read (16 bytes read, 3 bits of entropy available)
 229
[    2.866171] random: systemd-udevd: uninitialized urandom read (16 bytes read, 3 bits of entropy available)
[    2.874678] random: systemd-udevd: uninitialized urandom read (16 bytes read, 3 bits of entropy available)
[    2.887525] random: udevadm: uninitialized urandom read (16 bytes read, 3 bits of entropy available)
[    2.901908] random: systemd-udevd: uninitialized urandom read (16 bytes read, 3 bits of entropy available)
[    2.919827] random: systemd-udevd: uninitialized urandom read (16 bytes read, 3 bits of entropy available)
[    2.932450] random: udevadm: uninitialized urandom read (16 bytes read, 3 bits of entropy available)
[    2.935095] random: udevadm: uninitialized urandom read (16 bytes read, 3 bits of entropy available)
[    2.949747] random: systemd-udevd: uninitialized urandom read (16 bytes read, 3 bits of entropy available)
[    2.961307] random: systemd-udevd: uninitialized urandom read (16 bytes read, 3 bits of entropy available)
[    3.066016] e1000: Intel(R) PRO/1000 Network Driver - version 7.3.21-k8-NAPI
[    3.075250] e1000: Copyright (c) 1999-2006 Intel Corporation.
[    3.089501] Fusion MPT base driver 3.04.20
[    3.102509] Copyright (c) 1999-2008 LSI Corporation
[    3.107423] tsc: Refined TSC clocksource calibration: 2492.495 MHz
[    3.120775] clocksource: tsc: mask: 0xffffffffffffffff max_cycles: 0x23ed881558e, max_idle_ns: 440795232619 ns
[    3.186676] AVX version of gcm_enc/dec engaged.
[    3.188130] AES CTR mode by8 optimization enabled
[    3.221159] Fusion MPT SPI Host driver 3.04.20
[    3.365575] input: ImExPS/2 Generic Explorer Mouse as /devices/platform/i8042/serio1/input/input4
[    3.656099] e1000 0000:00:03.0 eth0: (PCI:33MHz:32-bit) 02:e9:22:0c:6f:83
[    3.664604] e1000 0000:00:03.0 eth0: Intel(R) PRO/1000 Network Connection
[    3.668067] mptbase: ioc0: Initiating bringup
[    3.731972] ioc0: LSI53C1030 A0: Capabilities={Initiator}
[    3.892900] scsi host2: ioc0: LSI53C1030 A0, FwRev=00000000h, Ports=1, MaxQ=256, IRQ=20
[    4.005481] scsi 2:0:0:0: Direct-Access     VBOX     HARDDISK         1.0  PQ: 0 ANSI: 5
[    4.023265] scsi target2:0:0: Beginning Domain Validation
[    4.031114] scsi target2:0:0: Domain Validation skipping write tests
[    4.033262] scsi target2:0:0: Ending Domain Validation
[    4.040166] scsi target2:0:0: asynchronous
[    4.087963] scsi 2:0:1:0: Direct-Access     VBOX     HARDDISK         1.0  PQ: 0 ANSI: 5
[    4.155366] scsi target2:0:1: Beginning Domain Validation
[    4.209504] scsi target2:0:1: Domain Validation skipping write tests
[    4.225598] scsi target2:0:1: Ending Domain Validation
[    4.284000] scsi target2:0:1: asynchronous
[    4.434443] sd 2:0:0:0: Attached scsi generic sg0 type 0
[    4.442548] sd 2:0:0:0: [sda] 20971520 512-byte logical blocks: (10.7 GB/10.0 GiB)
[    4.456164] sd 2:0:0:0: [sda] Write Protect is off
[    4.458245] sd 2:0:0:0: [sda] Incomplete mode parameter data
[    4.459895] sd 2:0:0:0: [sda] Assuming drive cache: write through
[    4.470597] sd 2:0:1:0: [sdb] 20480 512-byte logical blocks: (10.5 MB/10.0 MiB)
[    4.489402] sd 2:0:1:0: Attached scsi generic sg1 type 0
[    4.517176] sd 2:0:1:0: [sdb] Write Protect is off
[    4.520398] sd 2:0:1:0: [sdb] Incomplete mode parameter data
[    4.522203] sd 2:0:1:0: [sdb] Assuming drive cache: write through
[    4.559465] e1000 0000:00:08.0 eth1: (PCI:33MHz:32-bit) 08:00:27:be:77:8d
[    4.570925] e1000 0000:00:08.0 eth1: Intel(R) PRO/1000 Network Connection
[    4.574730] e1000 0000:00:08.0 enp0s8: renamed from eth1
[    4.583483]  sda: sda1
[    4.592446] sd 2:0:1:0: [sdb] Attached SCSI disk
[    4.595417] e1000 0000:00:03.0 enp0s3: renamed from eth0
[    4.610893] sd 2:0:0:0: [sda] Attached SCSI disk
Begin: Loading e[    6.107988] md: linear personality registered for level -1
ssential drivers ... [    6.113978] md: multipath personality registered for level -4
[    6.127483] md: raid0 personality registered for level 0
[    6.141307] md: raid1 personality registered for level 1
[    6.223775] raid6: sse2x1   gen()  7739 MB/s
[    6.291717] raid6: sse2x1   xor()  5436 MB/s
[    6.359718] raid6: sse2x2   gen()  9655 MB/s
[    6.445557] raid6: sse2x2   xor()  6629 MB/s
[    6.519810] raid6: sse2x4   gen() 11058 MB/s
[    6.591903] raid6: sse2x4   xor()  8312 MB/s
[    6.602676] raid6: using algorithm sse2x4 gen() 11058 MB/s
[    6.610772] raid6: .... xor() 8312 MB/s, rmw enabled
[    6.618805] raid6: using ssse3x2 recovery algorithm
[    6.629968] xor: automatically using best checksumming function:
[    6.681826]    avx       : 28928.000 MB/sec
[    6.685388] async_tx: api initialized (async)
[    6.700566] md: raid6 personality registered for level 6
[    6.711631] md: raid5 personality registered for level 5
[    6.729640] md: raid4 personality registered for level 4
[    6.746385] md: raid10 personality registered for level 10
done.
Begin: Running /scripts/init-premount ... done.
Begin: Mounting root file system ... Begin: Running /scripts/local-top ... done.
Begin: Running /scripts/local-premount ... [    6.802611] Btrfs loaded
Scanning for Btrfs filesystems
done.
Warning: fsck no[    6.935393] EXT4-fs (sda1): mounted filesystem with ordered data mode. Opts: (null)
t present, so skipping root file system
done.
Begin: Running /scripts/local-bottom ... done.
Begin: Running /scripts/init-bottom ... done.
[    7.322576] systemd[1]: systemd 229 running in system mode. (+PAM +AUDIT +SELINUX +IMA +APPARMOR +SMACK +SYSVINIT +UTMP +LIBCRYPTSETUP +GCRYPT +GNUTLS +ACL +XZ -LZ4 +SECCOMP +BLKID +ELFUTILS +KMOD -IDN)
[    7.330791] systemd[1]: Detected virtualization oracle.
[    7.343283] systemd[1]: Detected architecture x86-64.

Welcome to [1mUbuntu 16.04.5 LTS[0m!

[    7.399034] systemd[1]: Set hostname to <ubuntu>.
[    7.456038] systemd[1]: Initializing machine ID from random generator.
[    7.458424] systemd[1]: Installed transient /etc/machine-id file.
[    7.862235] random: nonblocking pool is initialized
[    8.079369] systemd[1]: Set up automount Arbitrary Executable File Formats File System Automount Point.
[[0;32m  OK  [0m] Set up automount Arbitrary Executab...ats File System Automount Point.
[    8.093088] systemd[1]: Started Forward Password Requests to Wall Directory Watch.
[[0;32m  OK  [0m] Started Forward Password Requests to Wall Directory Watch.
[    8.124108] systemd[1]: Listening on /dev/initctl Compatibility Named Pipe.
[[0;32m  OK  [0m] Listening on /dev/initctl Compatibility Named Pipe.
[    8.130107] systemd[1]: Listening on Journal Socket.
[[0;32m  OK  [0m] Listening on Journal Socket.
[    8.142814] systemd[1]: Listening on Journal Audit Socket.
[[0;32m  OK  [0m] Listening on Journal Audit Socket.
[    8.172522] systemd[1]: Listening on Journal Socket (/dev/log).
[[0;32m  OK  [0m] Listening on Journal Socket (/dev/log).
[    8.189115] systemd[1]: Listening on Syslog Socket.
[[0;32m  OK  [0m] Listening on Syslog Socket.
[    8.209486] systemd[1]: Created slice User and Session Slice.
[[0;32m  OK  [0m] Created slice User and Session Slice.
[    8.228785] systemd[1]: Reached target User and Group Name Lookups.
[[0;32m  OK  [0m] Reached target User and Group Name Lookups.
[    8.253586] systemd[1]: Listening on LVM2 poll daemon socket.
[[0;32m  OK  [0m] Listening on LVM2 poll daemon socket.
[    8.268868] systemd[1]: Listening on LVM2 metadata daemon socket.
[[0;32m  OK  [0m] Listening on LVM2 metadata daemon socket.
[    8.272955] systemd[1]: Reached target Encrypted Volumes.
[[0;32m  OK  [0m] Reached target Encrypted Volumes.
[    8.288644] systemd[1]: Started Trigger resolvconf update for networkd DNS.
[[0;32m  OK  [0m] Started Trigger resolvconf update for networkd DNS.
[    8.303985] systemd[1]: Reached target System Time Synchronized.
[[0;32m  OK  [0m] Reached target System Time Synchronized.
[    8.312891] systemd[1]: Listening on udev Control Socket.
[[0;32m  OK  [0m] Listening on udev Control Socket.
[    8.322610] systemd[1]: Created slice System Slice.
[[0;32m  OK  [0m] Created slice System Slice.
[    8.327402] systemd[1]: Mounting POSIX Message Queue File System...
         Mounting POSIX Message Queue File System...
[    8.343189] systemd[1]: Starting Uncomplicated firewall...
         Starting Uncomplicated firewall...
[    8.388181] systemd[1]: Starting Remount Root and Kernel File Systems...
         Starting Remount Root and Kernel File Systems...
[    8.397794] systemd[1]: Starting Journal Service...
[    8.402354] EXT4-fs (sda1): re-mounted. Opts: (null)
         Starting Journal Service...
[    8.472904] systemd[1]: Starting Load Kernel Modules...
         Starting Load Kernel Modules...
[    8.481237] systemd[1]: Starting Nameserver information manager...
         Starting Nameserver information manager...
[    8.490981] systemd[1]: Mounting Huge Pages File System...
         Mounting Huge Pages File System...
[    8.533758] systemd[1]: Starting Create list of required static device nodes for the current kernel...
         Starting Create list of required st... nodes for the current kernel...
[    8.552528] systemd[1]: Starting Set console keymap...
         Starting Set console keymap...
[    8.558663] systemd[1]: Mounting Debug File System...
         Mounting Debug File System...
[    8.568443] systemd[1]: Reached target Slices.
[[0;32m  OK  [0m] Reached target Slices.
[    8.624170] systemd[1]: Reached target Swap.
[[0;32m  OK  [0m] Reached target Swap.
[    8.629628] systemd[1]: Listening on udev Kernel Socket.
[[0;32m  OK  [0m] Listening on udev Kernel Socket.
[    8.639514] systemd[1]: Listening on Device-mapper event daemon FIFOs.
[[0;32m  OK  [0m] Listening on Device-mapper event daemon FIFOs.
[    8.646144] systemd[1]: Starting Monitoring of LVM2 mirrors, snapshots etc. using dmeventd or progress polling...
         Starting Monitoring of LVM2 mirrors... dmeventd or progress polling...
[    8.655097] systemd[1]: Created slice system-serial\x2dgetty.slice.
[[0;32m  OK  [0m] Created slice system-serial\x2dgetty.slice.
[    8.679051] systemd[1]: Mounted Huge Pages File System.
[[0;32m  OK  [0m] Mounted Huge Pages File System.
[    8.692908] Loading iSCSI transport class v2.0-870.
[    8.694691] systemd[1]: Mounted POSIX Message Queue File System.
[[0;32m  OK  [0m] Mounted POSIX Message Queue File System.
[    8.706436] systemd[1]: Mounted Debug File System.
[[0;32m  OK  [0m] Mounted Debug File System.
[    8.737393] systemd[1]: Started Journal Service.
[[0;32m  OK  [0m] Started Journal Service.
[[0;32m  OK  [0m] Started Uncomplicated firewall.
[[0;32m  OK  [0m] Started Remount Root and Kernel File Systems.
[[0;32m  OK  [0m] Started Create list of required sta...ce nodes for the current kernel.
[    8.775499] iscsi: registered transport (tcp)
         Starting Create Static Device Nodes in /dev...
         Starting Load/Save Random Seed...
         Starting udev Coldplug all Devices...
         Starting Flush Journal to Persistent Storage...
[[0;32m  OK  [0m] Started Nameserver information manager.
[[0;32m  OK  [0m] Started Load/Save Random Seed.
[[0;32m  OK  [0m] Started LVM2 metadata daemon.
[    9.050453] systemd-journald[383]: Received request to flush runtime journal from PID 1
[[0;32m  OK  [0m] Started Flush Journal to Persistent Storage.
[[0;32m  OK  [0m] Started Set console keymap.
[    9.149116] iscsi: registered transport (iser)
[[0;32m  OK  [0m] Started Load Kernel Modules.
[[0;32m  OK  [0m] Started udev Coldplug all Devices.
         Starting Apply Kernel Variables...
         Mounting FUSE Control File System...
[[0;32m  OK  [0m] Mounted FUSE Control File System.
[[0;32m  OK  [0m] Started Apply Kernel Variables.
[[0;32m  OK  [0m] Started Create Static Device Nodes in /dev.
         Starting udev Kernel Device Manager...
[[0;32m  OK  [0m] Started udev Kernel Device Manager.
[[0;32m  OK  [0m] Started Dispatch Password Requests to Console Directory Watch.
[[0;32m  OK  [0m] Started Monitoring of LVM2 mirrors,...ng dmeventd or progress polling.
[[0;32m  OK  [0m] Reached target Local File Systems (Pre).
[[0;32m  OK  [0m] Reached target Local File Systems.
         Starting Create Volatile Files and Directories...
         Starting LSB: AppArmor initialization...
         Starting Tell Plymouth To Write Out Runtime Data...
         Starting Commit a transient machine-id on disk...
         Starting Initial cloud-init job (pre-networking)...
         Starting Set console font and keymap...
[[0;32m  OK  [0m] Started Create Volatile Files and Directories.
[[0;32m  OK  [0m] Started Tell Plymouth To Write Out Runtime Data.
[[0;32m  OK  [0m] Started Commit a transient machine-id on disk.
[[0;32m  OK  [0m] Found device /dev/ttyS0.
         Starting Update UTMP about System Boot/Shutdown...
[[0;32m  OK  [0m] Started Update UTMP about System Boot/Shutdown.
[[0;32m  OK  [0m] Listening on Load/Save RF Kill Switch Status /dev/rfkill Watch.
[[0;32m  OK  [0m] Started Set console font and keymap.
[[0;32m  OK  [0m] Created slice system-getty.slice.
[[0;32m  OK  [0m] Started LSB: AppArmor initialization.
[   16.237276] cloud-init[507]: Cloud-init v. 18.4-0ubuntu1~16.04.2 running 'init-local' at Wed, 23 Jan 2019 22:42:51 +0000. Up 15.53 seconds.
[[0;32m  OK  [0m] Started Initial cloud-init job (pre-networking).
[[0;32m  OK  [0m] Reached target Network (Pre).
         Starting Raise network interfaces...
[[0;32m  OK  [0m] Started Raise network interfaces.
         Starting Initial cloud-init job (metadata service crawler)...
[[0;32m  OK  [0m] Reached target Network.
[   18.852911] cloud-init[956]: Cloud-init v. 18.4-0ubuntu1~16.04.2 running 'init' at Wed, 23 Jan 2019 22:42:53 +0000. Up 17.26 seconds.
[   18.873147] cloud-init[956]: ci-info: ++++++++++++++++++++++++++++++++++++++Net device info+++++++++++++++++++++++++++++++++++++++
[   18.889329] cloud-init[956]: ci-info: +--------+-------+----------------------------+---------------+--------+-------------------+
[   18.905572] cloud-init[956]: ci-info: | Device |   Up  |          Address           |      Mask     | Scope  |     Hw-Address    |
[   18.918981] cloud-init[956]: ci-info: +--------+-------+----------------------------+---------------+--------+-------------------+
[   18.928867] cloud-init[956]: ci-info: | enp0s3 |  True |         10.0.2.15          | 255.255.255.0 | global | 02:e9:22:0c:6f:83 |
[   18.968107] cloud-init[956]: ci-info: | enp0s3 |  True | fe80::e9:22ff:fe0c:6f83/64 |       .       |  link  | 02:e9:22:0c:6f:83 |
[   18.985452] cloud-init[956]: ci-info: | enp0s8 | False |             .              |       .       |   .    | 08:00:27:be:77:8d |
[   19.000247] cloud-init[956]: ci-info: |   lo   |  True |         127.0.0.1          |   255.0.0.0   |  host  |         .         |
[   19.010907] cloud-init[956]: ci-info: |   lo   |  True |          ::1/128           |       .       |  host  |         .         |
[   19.029877] cloud-init[956]: ci-info: +--------+-------+----------------------------+---------------+--------+-------------------+
[   19.048280] cloud-init[956]: ci-info: +++++++++++++++++++++++++++Route IPv4 info++++++++++++++++++++++++++++[[0;32m  OK  [0m] Started Initial cloud-init job (metadata service crawler).
[[0;32m  OK  [0m] Reached target Cloud-config availability.
[[0;32m  OK  [0m] Reached target Network is Online.
         Starting iSCSI initiator daemon (iscsid)...
[[0;32m  OK  [0m] Reached target System Initialization.

[[0;32m  OK  [0m] Started ACPI Events Check.[   19.272954] cloud-init[956]: ci-info: +-------+-------------+----------+---------------+-----------+-------+
[[0;32m  OK  [0m] Reached target Paths.

[   19.321346] cloud-init[956]: ci-info: | Route | Destination | Gateway  |    Genmask    | Interface | Flags |
         Starting LXD - unix socket.
[   19.336650] cloud-init[956]: ci-info: +-------+-------------+----------+---------------+-----------+-------+
[   19.349710] cloud-init[956]: ci-info: |   0   |   0.0.0.0   | 10.0.2.2 |    0.0.0.0    |   enp0s3  |   UG  |
[   19.349938] cloud-init[956]: ci-info: |   1   |   10.0.2.0  | 0.0.0.0  | 255.255.255.0 |   enp0s3  |   U   |
         Starting Socket activation for snappy daemon.
[   19.350109] cloud-init[[0;32m  OK  [0m] Listening on D-Bus System Message Bus Socket.
[[0;32m  OK  [0m] Started Daily Cleanup of Temporary Directories.
[[0;32m  OK  [0m] Listening on UUID daemon activation socket.
[[0;32m  OK  [0m] Started Daily apt download activities.
[[0;32m  OK  [0m] Started Daily apt upgrade and clean activities.
[[0;32m  OK  [0m] Reached target Timers.
[[0;32m  OK  [0m] Listening on ACPID Listen Socket.
[956]: ci-info: +-------+-------------+----------+---------------+-----------+-------+
[[0;32m  OK  [0m] Listening on LXD - unix socket.
[[0;32m  OK  [0m[   19.476145] cloud-init[956]: ci-info: +++++++++++++++++++Route IPv6 info+++++++++++++++++++
[   19.486119] cloud-init[956]: ci-info: +-------+-------------+---------+-----------+-------+
[   19.486234] cloud-init[956]: ci-info: | Route | Destination | Gateway | Interface | Flags |
[   19.486428] cloud-init[956]: ci-info: +-------+-------------+---------+-----------+-------+
[   19.486524] cloud-init[956]: ci-info: |   0   |  fe80::/64  |    ::   |   enp0s3  |   U   |
[   19.487335] cloud-init[956]: ci-info: |   3   |   ff00::/8  |    ::   |   enp0s3  |   U   |
[   19.487455] cloud-init[956]: ci-info: +-------+-------------+---------+-----------+-------+
[   19.487549] cloud-init[956]: Generating public/private rsa key pair.
[   19.487638] cloud-init[956]: Your identification has been saved in /etc/ssh/ssh_host_rsa_key.
[   19.487726] cloud-init[956]: Your public key has been saved in /etc/ssh/ssh_host_rsa_key.pub.
[   19.487817] cloud-init[956]: The key fingerprint is:
[   19.487996] cloud-init[956]: SHA256:uU8a3U8aqiUmxVsjB7hAfIsekAn1ASt+oUF46QSB27w root@ubuntu-xenial
[   19.488102] cloud-init[956]: The key's randomart image is:
[   19.488195] cloud-init[956]: +---[RSA 2048]----+
[   19.488302] cloud-init[956]: |**o*o            |
] Listening on Socket activation for snappy daemon.
[   19.488527] cloud-init[956]: |+ B+....         |
[[0;32m  OK  [0m] Started iSCSI initiator daemon (iscsid).
[   19.612322] cloud-init[956]: |.O.ooo...        |
[   19.641454] cloud-init[956]: |o.* +..o o       |
         Starting Login to default iSCSI targets...
[[0;32m  OK  [0m] Reached target Sockets.
[[0;32m  OK  [0m] Reached target Basic System.
[   19.655315] cloud-init[956]: | o + .. S +      |
[   19.668242] cloud-init[956]: |  E .  . B o     |
[   19.673723] cloud-init         Starting Pollinate to seed the pseudo random number generator...
[956]: |      . * + o .  |
         Starting LSB: Record successful boot for GRUB...
         Starting Login Service...
[[0;32m  OK  [0m[   19.756457] cloud-init[956]: |       o B . =   |
[   19.868686] cloud-init[956]: |        o.o . .  |
[   19.868858] cloud-init[956]: +----[SHA256]-----+
[   19.869021] cloud-init[956]: Generating public/private dsa key pair.
[   19.869145] cloud-init[956]: Your identification has been saved in /etc/ssh/ssh_host_dsa_key.
[   19.869331] cloud-init[956]: Your public key has been saved in /etc/ssh/ssh_host_dsa_key.pub.
[   19.869485] cloud-init[956]: The key fingerprint is:
[   19.869614] cloud-init[956]: SHA256:tTT4J5vxic6W/SpUEoWplBxN1d0CdJsipCSEqsSQY/M root@ubuntu-xenial
[   19.869766] cloud-init[956]: The key's randomart image is:
[   19.869940] cloud-init[956]: +---[DSA 1024]----+
[   19.870085] cloud-init[956]: | .   oo.o=o*=o...|
[   19.870417] cloud-init[956]: |+o  .  o++=  .ooo|
[   19.870713] cloud-init[956]: |+.o.   .o.=.. o. |
[   19.870909] cloud-init[956]: | o.E    .+.+..   |
[   19.871161] cloud-init[956]: |..      S =o.    |
[   19.871340] cloud-init[956]: |.         .O .   |
[   19.871434] cloud-init[956]: |         .+oo    |
[   19.871528] cloud-init[956]: |         o+ .    |
[   19.871621] cloud-init[956]: |         .o..o.  |
[   19.871724] cloud-init[956]: +----[SHA256]-----+
[   19.871810] cloud-init[956]: Generating public/private ecdsa key pair.
[   19.872047] cloud-init[956]: Your identification has been saved in /etc/ssh/ssh_host_ecdsa_key.
[   19.872153] cloud-init[956]: Your public key has been saved in /etc/ssh/ssh_host_ecdsa_key.pub.
[   19.872245] cloud-init[956]: The key fingerprint is:
] Started Deferred execution scheduler.
[   19.874502] cloud-init[956]: SHA256:h/cSlZLvSij0jIM+5Z3A6hm0G5iKtD7KsVg+8CyB+lQ root@ubuntu-xenial         Starting Virtualbox guest utils...

         Starting Accounts Service...
         Starting LSB: MD monitoring daemon...[   20.081446] cloud-init[956]: The key's randomart image is:
[   20.081566] cloud-init[956]: +---[ECDSA 256]---+
[   20.081661] cloud-init[956]: |                 |
[   20.081750] cloud-init[956]: |           . .   |
[   20.081839] cloud-init[956]: |          o o    |
[   20.081929] cloud-init[956]: |         . +     |
[   20.082031] cloud-init[956]: |.   E.. S + .    |
[   20.082123] cloud-init[956]: |+  = +++ + +     |
[   20.083627] cloud-init[956]: |.B= =++o+.o o    |
[   20.083763] cloud-init[956]: |B*B.o=.oo. o     |
[   20.083859] cloud-init[956]: |BB+o=.    .      |
[   20.083956] cloud-init[956]: +----[SHA256]-----+

[[0;32m  OK  [0m] Started FUSE filesystem for LXC.
         Starting System Logging Service...[   20.128613] cloud-init[956]: Generating public/private ed25519 key pair.
[   20.129634] cloud-init[956]: Your identification has been saved in /etc/ssh/ssh_host_ed25519_key.
[   20.129750] cloud-init[956]: Your public key has been saved in /etc/ssh/ssh_host_ed25519_key.pub.
[   20.129852] cloud-init[956]: The key fingerprint is:
[   20.129953] cloud-init[956]: SHA256:nOfQjN3rXG/vNDcRoqgTW2f/75fYxdqmU+y4lqBtNH8 root@ubuntu-xenial
[   20.130068] cloud-init[956]: The key's randomart image is:
[   20.130170] cloud-init[956]: +--[ED25519 256]--+
[   20.130265] cloud-init[956]: |                 |
[   20.130360] cloud-init[956]: |                 |
[   20.131098] cloud-init[956]: |             . . |
[   20.131210] cloud-init[956]: |       . *... . .|
[   20.131305] cloud-init[956]: |       .So=+.  + |
[   20.131397] cloud-init[956]: |        =+o =.  *|
[   20.131487] cloud-init[956]: |       +  .+.=+X=|
[   20.131578] cloud-init[956]: |        . .oooO=E|
[   20.131667] cloud-init[956]: |           .o.o@X|
[   20.131747] cloud-init[956]: +----[SHA256]-----+

         Starting Snappy daemon...
[[0;32m  OK  [0m] Started ACPI event daemon.
[[0;32m  OK  [0m] Started Unattended Upgrades Shutdown.
[[0;32m  OK  [0m] Started D-Bus System Message Bus.
         Starting /etc/rc.local Compatibility...
[[0;32m  OK  [0m] Started Regular background program processing daemon.
         Starting LXD - container startup/shutdown...
[[0;32m  OK  [0m] Started System Logging Service.
[[0;32m  OK  [0m] Started /etc/rc.local Compatibility.
[[0;32m  OK  [0m] Started Login Service.
[[0;32m  OK  [0m] Started LSB: Record successful boot for GRUB.
[[0;32m  OK  [0m] Started Login to default iSCSI targets.
[[0;32m  OK  [0m] Reached target Remote File Systems (Pre).
[[0;32m  OK  [0m] Reached target Remote File Systems.
         Starting Permit User Sessions...
         Starting LSB: Set the CPU Frequency Scaling governor to "ondemand"...
         Starting LSB: automatic crash report generation...
         Starting LSB: daemon to balance interrupts for SMP systems...
[[0;32m  OK  [0m] Started LSB: MD monitoring daemon.
[[0;32m  OK  [0m] Started Permit User Sessions.
[[0;32m  OK  [0m] Started LSB: Set the CPU Frequency Scaling governor to "ondemand".
         Starting Hold until boot process finishes up...
         Starting Terminate Plymouth Boot Screen...
         Starting Authenticate and Authorize Users to Run Privileged Tasks...
[[0;32m  OK  [0m] Started Hold until boot process finishes up.
[[0;32m  OK  [0m] Started Terminate Plymouth Boot Screen.
         Starting Set console scheme...
[[0;32m  OK  [0m] Started Serial Getty on ttyS0.
[[0;32m  OK  [0m] Started Getty on tty1.
[[0;32m  OK  [0m] Reached target Login Prompts.
[[0;32m  OK  [0m] Started LSB: daemon to balance interrupts for SMP systems.
[[0;32m  OK  [0m] Started LSB: automatic crash report generation.
[[0;32m  OK  [0m] Started Set console scheme.
[[0;32m  OK  [0m] Started Virtualbox guest utils.
[[0;32m  OK  [0m] Started Authenticate and Authorize Users to Run Privileged Tasks.
[[0;32m  OK  [0m] Started Accounts Service.
[[0;32m  OK  [0m] Started Pollinate to seed the pseudo random number generator.
         Starting OpenBSD Secure Shell server...
[[0;32m  OK  [0m] Started OpenBSD Secure Shell server.
[[0;32m  OK  [0m] Created slice User Slice of vagrant.
         Starting User Manager for UID 1000...
[[0;32m  OK  [0m] Started Session 1 of user vagrant.
[[0;32m  OK  [0m] Started LXD - container startup/shutdown.
[[0;32m  OK  [0m] Started Snappy daemon.
         Starting Wait until snapd is fully seeded...
[[0;32m  OK  [0m] Started User Manager for UID 1000.
         Stopping User Manager for UID 1000...
[[0;32m  OK  [0m] Stopped User Manager for UID 1000.
[[0;32m  OK  [0m] Removed slice User Slice of vagrant.
[[0;32m  OK  [0m] Started Wait until snapd is fully seeded.
         Starting Apply the settings specified in cloud-config...
[[0;32m  OK  [0m] Reached target Multi-User System.
[[0;32m  OK  [0m] Reached target Graphical Interface.
         Starting Update UTMP about System Runlevel Changes...
[   28.711550] cloud-init[1512]: Generating locales (this might take a while)...

Ubuntu 16.04.5 LTS ubuntu-xenial ttyS0

ubuntu-xenial login: [   30.399412] cloud-init[1512]:   en_US.UTF-8... done
[   30.403481] cloud-init[1512]: Generation complete.
[   32.140047] cloud-init[1512]: Cloud-init v. 18.4-0ubuntu1~16.04.2 running 'modules:config' at Wed, 23 Jan 2019 22:43:04 +0000. Up 28.47 seconds.
ci-info: no authorized ssh keys fingerprints found for user ubuntu.
<14>Jan 23 22:43:08 ec2: 
<14>Jan 23 22:43:08 ec2: #############################################################
<14>Jan 23 22:43:08 ec2: -----BEGIN SSH HOST KEY FINGERPRINTS-----
<14>Jan 23 22:43:08 ec2: 1024 SHA256:tTT4J5vxic6W/SpUEoWplBxN1d0CdJsipCSEqsSQY/M root@ubuntu-xenial (DSA)
<14>Jan 23 22:43:08 ec2: 256 SHA256:h/cSlZLvSij0jIM+5Z3A6hm0G5iKtD7KsVg+8CyB+lQ root@ubuntu-xenial (ECDSA)
<14>Jan 23 22:43:08 ec2: 256 SHA256:nOfQjN3rXG/vNDcRoqgTW2f/75fYxdqmU+y4lqBtNH8 root@ubuntu-xenial (ED25519)
<14>Jan 23 22:43:08 ec2: 2048 SHA256:uU8a3U8aqiUmxVsjB7hAfIsekAn1ASt+oUF46QSB27w root@ubuntu-xenial (RSA)
<14>Jan 23 22:43:08 ec2: -----END SSH HOST KEY FINGERPRINTS-----
<14>Jan 23 22:43:08 ec2: #############################################################
-----BEGIN SSH HOST KEY KEYS-----
ecdsa-sha2-nistp256 AAAAE2VjZHNhLXNoYTItbmlzdHAyNTYAAAAIbmlzdHAyNTYAAABBBEUDxdw2mBa5dodAS4BrKK0Z0O65F02ztAEA6NGJg/EyXqWT6sjhsmwhVCwu/7oO64Dw3+YahYXIviAzPIjd7SY= root@ubuntu-xenial
ssh-ed25519 AAAAC3NzaC1lZDI1NTE5AAAAID1ybP06l9Sj95bhLrCuiHNumqwZCgGSqi33iI7KKkvi root@ubuntu-xenial
ssh-rsa AAAAB3NzaC1yc2EAAAADAQABAAABAQC4aYBB7E08D1uG9yYIev+eCy2mT4SYov2LoB10yNNHFHnDrp9ggBPMUggmOIfZ6VJZ/9xcUYLPGRdkxOyhGdeOIrDSu9fLlhehSxz8K/fFFWTdjBucKy6ln6A1RPpZWIj8pSpeASUPreqjwF30fa2/qbq/gMc1WkXGpmtJziZ9k7edfD566kwEMe0/N6K0aDi+1UENam6B0hd2c8+MJEdTzcBTGEZcBknCKiBDFgOVLUB4RG3sDNIatkgOSLlq7yoQfU+8LGZHDeCR1j1b1ZjnnHLIOh59fXgDaLeXCbXZC7nWl45SLXTDi++LZw7mTb5c8GwNB9EotED9FgE3fR7B root@ubuntu-xenial
-----END SSH HOST KEY KEYS-----
[   32.975067] cloud-init[1881]: Cloud-init v. 18.4-0ubuntu1~16.04.2 running 'modules:final' at Wed, 23 Jan 2019 22:43:08 +0000. Up 32.72 seconds.
[   32.975787] cloud-init[1881]: ci-info: no authorized ssh keys fingerprints found for user ubuntu.
[   32.975940] cloud-init[1881]: Cloud-init v. 18.4-0ubuntu1~16.04.2 finished at Wed, 23 Jan 2019 22:43:08 +0000. Datasource DataSourceNoCloud [seed=/dev/sdb][dsmode=net].  Up 32.95 seconds
